<?xml version="1.0" encoding="UTF-8"?>
<!-- Generated by org.testng.reporters.JUnitXMLReporter -->
<testsuite hostname="Anmolsingh" name="CTC-FISH Workflow for Global Cases" tests="52" failures="1" timestamp="29 Jul 2019 07:58:02 GMT" time="35.86" errors="0">
  <testcase name="LIMSLogin" time="10.533" classname="biocept.qa.testcases.CTC_FISHWorklow"/>
  <testcase name="dashboard" time="0.063" classname="biocept.qa.testcases.CTC_FISHWorklow"/>
  <testcase name="PlaceNewOrder" time="17.929" classname="biocept.qa.testcases.CTC_FISHWorklow">
    <failure type="org.openqa.selenium.ElementNotInteractableException" message="element not interactable
  (Session info: chrome=75.0.3770.142)
  (Driver info: chromedriver=74.0.3729.6 (255758eccf3d244491b8a1317aa76e1ce10d57e9-refs/branch-heads/3729@{#29}),platform=Windows NT 10.0.16299 x86_64) (WARNING: The server did not provide any stacktrace information)
Command duration or timeout: 0 milliseconds
Build info: version: &amp;apos;3.141.59&amp;apos;, revision: &amp;apos;e82be7d358&amp;apos;, time: &amp;apos;2018-11-14T08:25:48&amp;apos;
System info: host: &amp;apos;ANMOLSINGH&amp;apos;, ip: &amp;apos;10.60.1.128&amp;apos;, os.name: &amp;apos;Windows 10&amp;apos;, os.arch: &amp;apos;amd64&amp;apos;, os.version: &amp;apos;10.0&amp;apos;, java.version: &amp;apos;1.8.0_161&amp;apos;
Driver info: org.openqa.selenium.chrome.ChromeDriver
Capabilities {acceptInsecureCerts: false, acceptSslCerts: false, applicationCacheEnabled: false, browserConnectionEnabled: false, browserName: chrome, chrome: {chromedriverVersion: 74.0.3729.6 (255758eccf3d24..., userDataDir: C:\Users\ANMOL~1.SIN\AppDat...}, cssSelectorsEnabled: true, databaseEnabled: false, goog:chromeOptions: {debuggerAddress: localhost:52948}, handlesAlerts: true, hasTouchScreen: false, javascriptEnabled: true, locationContextEnabled: true, mobileEmulationEnabled: false, nativeEvents: true, networkConnectionEnabled: false, pageLoadStrategy: normal, platform: XP, platformName: XP, proxy: Proxy(), rotatable: false, setWindowRect: true, strictFileInteractability: false, takesHeapSnapshot: true, takesScreenshot: true, timeouts: {implicit: 0, pageLoad: 300000, script: 30000}, unexpectedAlertBehaviour: ignore, unhandledPromptBehavior: ignore, version: 75.0.3770.142, webStorageEnabled: true}
Session ID: 9fac6948daf907aa2e7fec51006cc3e8">
      <![CDATA[org.openqa.selenium.ElementNotInteractableException: element not interactable
  (Session info: chrome=75.0.3770.142)
  (Driver info: chromedriver=74.0.3729.6 (255758eccf3d244491b8a1317aa76e1ce10d57e9-refs/branch-heads/3729@{#29}),platform=Windows NT 10.0.16299 x86_64) (WARNING: The server did not provide any stacktrace information)
Command duration or timeout: 0 milliseconds
Build info: version: '3.141.59', revision: 'e82be7d358', time: '2018-11-14T08:25:48'
System info: host: 'ANMOLSINGH', ip: '10.60.1.128', os.name: 'Windows 10', os.arch: 'amd64', os.version: '10.0', java.version: '1.8.0_161'
Driver info: org.openqa.selenium.chrome.ChromeDriver
Capabilities {acceptInsecureCerts: false, acceptSslCerts: false, applicationCacheEnabled: false, browserConnectionEnabled: false, browserName: chrome, chrome: {chromedriverVersion: 74.0.3729.6 (255758eccf3d24..., userDataDir: C:\Users\ANMOL~1.SIN\AppDat...}, cssSelectorsEnabled: true, databaseEnabled: false, goog:chromeOptions: {debuggerAddress: localhost:52948}, handlesAlerts: true, hasTouchScreen: false, javascriptEnabled: true, locationContextEnabled: true, mobileEmulationEnabled: false, nativeEvents: true, networkConnectionEnabled: false, pageLoadStrategy: normal, platform: XP, platformName: XP, proxy: Proxy(), rotatable: false, setWindowRect: true, strictFileInteractability: false, takesHeapSnapshot: true, takesScreenshot: true, timeouts: {implicit: 0, pageLoad: 300000, script: 30000}, unexpectedAlertBehaviour: ignore, unhandledPromptBehavior: ignore, version: 75.0.3770.142, webStorageEnabled: true}
Session ID: 9fac6948daf907aa2e7fec51006cc3e8
	at org.openqa.selenium.remote.ErrorHandler.createThrowable(ErrorHandler.java:214)
	at org.openqa.selenium.remote.ErrorHandler.throwIfResponseFailed(ErrorHandler.java:166)
	at org.openqa.selenium.remote.http.JsonHttpResponseCodec.reconstructValue(JsonHttpResponseCodec.java:40)
	at org.openqa.selenium.remote.http.AbstractHttpResponseCodec.decode(AbstractHttpResponseCodec.java:80)
	at org.openqa.selenium.remote.http.AbstractHttpResponseCodec.decode(AbstractHttpResponseCodec.java:44)
	at org.openqa.selenium.remote.HttpCommandExecutor.execute(HttpCommandExecutor.java:158)
	at org.openqa.selenium.remote.service.DriverCommandExecutor.execute(DriverCommandExecutor.java:83)
	at org.openqa.selenium.remote.RemoteWebDriver.execute(RemoteWebDriver.java:552)
	at org.openqa.selenium.remote.RemoteWebElement.execute(RemoteWebElement.java:285)
	at org.openqa.selenium.remote.RemoteWebElement.sendKeys(RemoteWebElement.java:106)
	at org.openqa.selenium.support.pagefactory.internal.LocatingElementHandler.invoke(LocatingElementHandler.java:51)
	at com.sun.proxy.$Proxy13.sendKeys(Unknown Source)
	at biocept.qa.pages.Accession.addLabClientPhysicianInfor(Accession.java:177)
	at biocept.qa.testcases.CTC_FISHWorklow.PlaceNewOrder(CTC_FISHWorklow.java:129)
... Removed 32 stack frames]]>
    </failure>
  </testcase> <!-- PlaceNewOrder -->
  <testcase name="PatientNameOnBarcodePage" time="0.0" classname="biocept.qa.testcases.CTC_FISHWorklow">
    <skipped/>
  </testcase> <!-- PatientNameOnBarcodePage -->
  <testcase name="UploadAccessionImagesPageTitle" time="0.0" classname="biocept.qa.testcases.CTC_FISHWorklow">
    <skipped/>
  </testcase> <!-- UploadAccessionImagesPageTitle -->
  <testcase name="MyWorklistTitle" time="0.0" classname="biocept.qa.testcases.CTC_FISHWorklow">
    <skipped/>
  </testcase> <!-- MyWorklistTitle -->
  <testcase name="CTC_FISH_SummaryReport" time="0.0" classname="biocept.qa.testcases.CTC_FISHWorklow">
    <skipped/>
  </testcase> <!-- CTC_FISH_SummaryReport -->
  <testcase name="CTC_FISH_ScoreSheet" time="0.0" classname="biocept.qa.testcases.CTC_FISHWorklow">
    <skipped/>
  </testcase> <!-- CTC_FISH_ScoreSheet -->
  <testcase name="CTC_FISH_SampleTraveler" time="0.0" classname="biocept.qa.testcases.CTC_FISHWorklow">
    <skipped/>
  </testcase> <!-- CTC_FISH_SampleTraveler -->
  <testcase name="GenerateLongLabel" time="0.0" classname="biocept.qa.testcases.CTC_FISHWorklow">
    <skipped/>
  </testcase> <!-- GenerateLongLabel -->
  <testcase name="GenerateSmallLabel" time="0.0" classname="biocept.qa.testcases.CTC_FISHWorklow">
    <skipped/>
  </testcase> <!-- GenerateSmallLabel -->
  <testcase name="GenerateMolecularLabel" time="0.0" classname="biocept.qa.testcases.CTC_FISHWorklow">
    <skipped/>
  </testcase> <!-- GenerateMolecularLabel -->
  <testcase name="AccesstionType" time="0.0" classname="biocept.qa.testcases.CTC_FISHWorklow">
    <skipped/>
  </testcase> <!-- AccesstionType -->
  <testcase name="DownloadPlasmaCSV" time="0.0" classname="biocept.qa.testcases.CTC_FISHWorklow">
    <skipped/>
  </testcase> <!-- DownloadPlasmaCSV -->
  <testcase name="CellCepProcessingActivityTitle" time="0.0" classname="biocept.qa.testcases.CTC_FISHWorklow">
    <skipped/>
  </testcase> <!-- CellCepProcessingActivityTitle -->
  <testcase name="CellCepProcessing" time="0.0" classname="biocept.qa.testcases.CTC_FISHWorklow">
    <skipped/>
  </testcase> <!-- CellCepProcessing -->
  <testcase name="CellSepBatchingActivityTitle" time="0.0" classname="biocept.qa.testcases.CTC_FISHWorklow">
    <skipped/>
  </testcase> <!-- CellSepBatchingActivityTitle -->
  <testcase name="CellSepBatching" time="0.0" classname="biocept.qa.testcases.CTC_FISHWorklow">
    <skipped/>
  </testcase> <!-- CellSepBatching -->
  <testcase name="MEMSProcessingActivityTitle" time="0.0" classname="biocept.qa.testcases.CTC_FISHWorklow">
    <skipped/>
  </testcase> <!-- MEMSProcessingActivityTitle -->
  <testcase name="MEMSProcessing" time="0.0" classname="biocept.qa.testcases.CTC_FISHWorklow">
    <skipped/>
  </testcase> <!-- MEMSProcessing -->
  <testcase name="MemsBatchingActivityTitle" time="0.0" classname="biocept.qa.testcases.CTC_FISHWorklow">
    <skipped/>
  </testcase> <!-- MemsBatchingActivityTitle -->
  <testcase name="MemsBatching" time="0.0" classname="biocept.qa.testcases.CTC_FISHWorklow">
    <skipped/>
  </testcase> <!-- MemsBatching -->
  <testcase name="BioviewScanDataActivityTitle" time="0.0" classname="biocept.qa.testcases.CTC_FISHWorklow">
    <skipped/>
  </testcase> <!-- BioviewScanDataActivityTitle -->
  <testcase name="BioviewScanData" time="0.0" classname="biocept.qa.testcases.CTC_FISHWorklow">
    <skipped/>
  </testcase> <!-- BioviewScanData -->
  <testcase name="EnumerationImageReviewActivityTitle" time="0.0" classname="biocept.qa.testcases.CTC_FISHWorklow">
    <skipped/>
  </testcase> <!-- EnumerationImageReviewActivityTitle -->
  <testcase name="EnumerationImageReview" time="0.0" classname="biocept.qa.testcases.CTC_FISHWorklow">
    <skipped/>
  </testcase> <!-- EnumerationImageReview -->
  <testcase name="CTCICCResultsSummaryActivityTitle" time="0.0" classname="biocept.qa.testcases.CTC_FISHWorklow">
    <skipped/>
  </testcase> <!-- CTCICCResultsSummaryActivityTitle -->
  <testcase name="CTCICCResultsSummary" time="0.0" classname="biocept.qa.testcases.CTC_FISHWorklow">
    <skipped/>
  </testcase> <!-- CTCICCResultsSummary -->
  <testcase name="FISHAutobatchedworklistActivityTitle" time="0.0" classname="biocept.qa.testcases.CTC_FISHWorklow">
    <skipped/>
  </testcase> <!-- FISHAutobatchedworklistActivityTitle -->
  <testcase name="FISHAutobatchedworklist" time="0.0" classname="biocept.qa.testcases.CTC_FISHWorklow">
    <skipped/>
  </testcase> <!-- FISHAutobatchedworklist -->
  <testcase name="FISHReloAnalysisActivityTitle" time="0.0" classname="biocept.qa.testcases.CTC_FISHWorklow">
    <skipped/>
  </testcase> <!-- FISHReloAnalysisActivityTitle -->
  <testcase name="FISHReloAnalysis" time="0.0" classname="biocept.qa.testcases.CTC_FISHWorklow">
    <skipped/>
  </testcase> <!-- FISHReloAnalysis -->
  <testcase name="FISHResultsSummaryActivityTitle" time="0.0" classname="biocept.qa.testcases.CTC_FISHWorklow">
    <skipped/>
  </testcase> <!-- FISHResultsSummaryActivityTitle -->
  <testcase name="FISHResultsSummary" time="0.0" classname="biocept.qa.testcases.CTC_FISHWorklow">
    <skipped/>
  </testcase> <!-- FISHResultsSummary -->
  <testcase name="PIActivityTitle" time="0.0" classname="biocept.qa.testcases.CTC_FISHWorklow">
    <skipped/>
  </testcase> <!-- PIActivityTitle -->
  <testcase name="QC_CompleteButtonOnProfessionalInterpretation" time="0.0" classname="biocept.qa.testcases.CTC_FISHWorklow">
    <skipped/>
  </testcase> <!-- QC_CompleteButtonOnProfessionalInterpretation -->
  <testcase name="ConfirmationOnTechOnlyPI" time="0.0" classname="biocept.qa.testcases.CTC_FISHWorklow">
    <skipped/>
  </testcase> <!-- ConfirmationOnTechOnlyPI -->
  <testcase name="QCComplete" time="0.0" classname="biocept.qa.testcases.CTC_FISHWorklow">
    <skipped/>
  </testcase> <!-- QCComplete -->
  <testcase name="PhysicianPortalLogin" time="0.0" classname="biocept.qa.testcases.CTC_FISHWorklow">
    <skipped/>
  </testcase> <!-- PhysicianPortalLogin -->
  <testcase name="OrderHistoryWorklist" time="0.0" classname="biocept.qa.testcases.CTC_FISHWorklow">
    <skipped/>
  </testcase> <!-- OrderHistoryWorklist -->
  <testcase name="GoBacktoPhysicianPortalButton" time="0.0" classname="biocept.qa.testcases.CTC_FISHWorklow">
    <skipped/>
  </testcase> <!-- GoBacktoPhysicianPortalButton -->
  <testcase name="SignoffReportFromPhysicianPortal" time="0.0" classname="biocept.qa.testcases.CTC_FISHWorklow">
    <skipped/>
  </testcase> <!-- SignoffReportFromPhysicianPortal -->
  <testcase name="CompletedWorklist" time="0.0" classname="biocept.qa.testcases.CTC_FISHWorklow">
    <skipped/>
  </testcase> <!-- CompletedWorklist -->
  <testcase name="AssignProfessionalWorkToBiocept" time="0.0" classname="biocept.qa.testcases.CTC_FISHWorklow">
    <skipped/>
  </testcase> <!-- AssignProfessionalWorkToBiocept -->
  <testcase name="ReopenConfirmationPopupOnCompletedWorklist" time="0.0" classname="biocept.qa.testcases.CTC_FISHWorklow">
    <skipped/>
  </testcase> <!-- ReopenConfirmationPopupOnCompletedWorklist -->
  <testcase name="ActivityTitleAfterReOpen" time="0.0" classname="biocept.qa.testcases.CTC_FISHWorklow">
    <skipped/>
  </testcase> <!-- ActivityTitleAfterReOpen -->
  <testcase name="TechOnlyProfessionalInterpretation" time="0.0" classname="biocept.qa.testcases.CTC_FISHWorklow">
    <skipped/>
  </testcase> <!-- TechOnlyProfessionalInterpretation -->
  <testcase name="QAReportingWorklistTitle" time="0.0" classname="biocept.qa.testcases.CTC_FISHWorklow">
    <skipped/>
  </testcase> <!-- QAReportingWorklistTitle -->
  <testcase name="QAReportingWorklist" time="0.0" classname="biocept.qa.testcases.CTC_FISHWorklow">
    <skipped/>
  </testcase> <!-- QAReportingWorklist -->
  <testcase name="FishReviewApproveTitle" time="0.0" classname="biocept.qa.testcases.CTC_FISHWorklow">
    <skipped/>
  </testcase> <!-- FishReviewApproveTitle -->
  <testcase name="ReportVersionSelectionPopUp" time="0.0" classname="biocept.qa.testcases.CTC_FISHWorklow">
    <skipped/>
  </testcase> <!-- ReportVersionSelectionPopUp -->
  <testcase name="SignoffTheReportForNewVersion" time="0.0" classname="biocept.qa.testcases.CTC_FISHWorklow">
    <skipped/>
  </testcase> <!-- SignoffTheReportForNewVersion -->
</testsuite> <!-- CTC-FISH Workflow for Global Cases -->
