<?xml version="1.0" encoding="UTF-8"?>
<!-- Generated by org.testng.reporters.JUnitXMLReporter -->
<testsuite hostname="Anmolsingh" name="Molecular Workflow" tests="25" failures="0" timestamp="29 Jul 2019 08:04:49 GMT" time="407.495" errors="0">
  <testcase name="PlaceNewOrderForMolecular" time="64.899" classname="biocept.qa.testcases.TestConfig"/>
  <testcase name="UploadMacroFile" time="3.983" classname="biocept.qa.testcases.TestConfig"/>
  <testcase name="NGS_PIActivityTitle" time="8.4" classname="biocept.qa.testcases.TestConfig"/>
  <testcase name="UploadNGSFile" time="19.667" classname="biocept.qa.testcases.TestConfig"/>
  <testcase name="NRASResultingActivityTitle" time="37.033" classname="biocept.qa.testcases.TestConfig"/>
  <testcase name="NRASResultingUpdateResult" time="4.54" classname="biocept.qa.testcases.TestConfig"/>
  <testcase name="NRASPIActivityTitle" time="7.877" classname="biocept.qa.testcases.TestConfig"/>
  <testcase name="NRASPIActivityResult" time="6.922" classname="biocept.qa.testcases.TestConfig"/>
  <testcase name="NRASReportSignoff" time="16.801" classname="biocept.qa.testcases.TestConfig"/>
  <testcase name="BRAFResultingActivityTitle" time="8.605" classname="biocept.qa.testcases.TestConfig"/>
  <testcase name="BRAFResultingUpdateResult" time="7.148" classname="biocept.qa.testcases.TestConfig"/>
  <testcase name="UploadSequenceImagesForBRAF" time="52.71" classname="biocept.qa.testcases.TestConfig"/>
  <testcase name="BRAFSequencingActivityTitle" time="9.935" classname="biocept.qa.testcases.TestConfig"/>
  <testcase name="BRAFSequencingActivityResult" time="4.02" classname="biocept.qa.testcases.TestConfig"/>
  <testcase name="BRAFPIActivityTitle" time="7.454" classname="biocept.qa.testcases.TestConfig"/>
  <testcase name="BRAFPIActivityResult" time="6.635" classname="biocept.qa.testcases.TestConfig"/>
  <testcase name="BRAFReportSignoff" time="18.151" classname="biocept.qa.testcases.TestConfig"/>
  <testcase name="KRASResultingActivityTitle" time="7.385" classname="biocept.qa.testcases.TestConfig"/>
  <testcase name="KRASResultingUpdateResult" time="6.612" classname="biocept.qa.testcases.TestConfig"/>
  <testcase name="UploadSequenceImagesForKRAS" time="59.826" classname="biocept.qa.testcases.TestConfig"/>
  <testcase name="KRASSequencingActivityTitle" time="8.536" classname="biocept.qa.testcases.TestConfig"/>
  <testcase name="KRASSequencingActivityResult" time="4.316" classname="biocept.qa.testcases.TestConfig"/>
  <testcase name="KRASPIActivityTitle" time="7.217" classname="biocept.qa.testcases.TestConfig"/>
  <testcase name="KRASPIActivityResult" time="5.736" classname="biocept.qa.testcases.TestConfig"/>
  <testcase name="KRASReportSignoff" time="20.067" classname="biocept.qa.testcases.TestConfig"/>
</testsuite> <!-- Molecular Workflow -->
